**********************
Windows PowerShell transcript start
Start time: 20260617164024
Username: WS0\yuri
RunAs User: WS0\yuri
Configuration Name: 
Machine: WS0 (Microsoft Windows NT 10.0.26200.0)
Host Application: C:\Windows\System32\WindowsPowerShell\v1.0\powershell.exe -NoProfile -ExecutionPolicy Bypass -File C:\Users\yuri\Personal\Sources\Platform\iac\powershell\New-PlatformHyperVLab.ps1
Process ID: 8280
PSVersion: 5.1.26100.8655
PSEdition: Desktop
PSCompatibleVersions: 1.0, 2.0, 3.0, 4.0, 5.0, 5.1.26100.8655
BuildVersion: 10.0.26100.8655
CLRVersion: 4.0.30319.42000
WSManStackVersion: 3.0
PSRemotingProtocolVersion: 2.3
SerializationVersion: 1.1.0.1
**********************
[2026-06-17 16:40:24] Preparing Hyper-V lab root: C:\HyperV\PlatformLab
[2026-06-17 16:40:27] VM platform-n1 already exists; leaving existing VM intact
[2026-06-17 16:40:27] Reconciling memory for platform-n1 to 7 GiB
PS>TerminatingError(Stop-VM): "The running command stopped because the preference variable "ErrorActionPreference" or common parameter is set to Stop: 'platform-n1' failed to shut down. (Virtual machine ID 2C839581-380F-46E9-82E2-4F07B88D7F31)"
**********************
Windows PowerShell transcript end
End time: 20260617164616
**********************
