**********************
Windows PowerShell transcript start
Start time: 20260617162131
Username: WS0\yuri
RunAs User: WS0\yuri
Configuration Name: 
Machine: WS0 (Microsoft Windows NT 10.0.26200.0)
Host Application: C:\Windows\System32\WindowsPowerShell\v1.0\powershell.exe -NoProfile -ExecutionPolicy Bypass -File C:\Users\yuri\Personal\Sources\Platform\iac\powershell\New-PlatformHyperVLab.ps1
Process ID: 17176
PSVersion: 5.1.26100.8655
PSEdition: Desktop
PSCompatibleVersions: 1.0, 2.0, 3.0, 4.0, 5.0, 5.1.26100.8655
BuildVersion: 10.0.26100.8655
CLRVersion: 4.0.30319.42000
WSManStackVersion: 3.0
PSRemotingProtocolVersion: 2.3
SerializationVersion: 1.1.0.1
**********************
[2026-06-17 16:21:31] Preparing Hyper-V lab root: C:\HyperV\PlatformLab
[2026-06-17 16:21:31] Generating SSH key: C:\Users\yuri\Personal\Sources\Platform\.ssh\platform_lab_ed25519
PS>TerminatingError(Get-Content): "The running command stopped because the preference variable "ErrorActionPreference" or common parameter is set to Stop: Cannot find path 'C:\Users\yuri\Personal\Sources\Platform\.ssh\platform_lab_ed25519.pub' because it does not exist."
**********************
Windows PowerShell transcript end
End time: 20260617162132
**********************
