**********************
Windows PowerShell transcript start
Start time: 20260617163538
Username: WS0\yuri
RunAs User: WS0\yuri
Configuration Name: 
Machine: WS0 (Microsoft Windows NT 10.0.26200.0)
Host Application: C:\Windows\System32\WindowsPowerShell\v1.0\powershell.exe -NoProfile -ExecutionPolicy Bypass -File C:\Users\yuri\Personal\Sources\Platform\iac\powershell\New-PlatformHyperVLab.ps1
Process ID: 11696
PSVersion: 5.1.26100.8655
PSEdition: Desktop
PSCompatibleVersions: 1.0, 2.0, 3.0, 4.0, 5.0, 5.1.26100.8655
BuildVersion: 10.0.26100.8655
CLRVersion: 4.0.30319.42000
WSManStackVersion: 3.0
PSRemotingProtocolVersion: 2.3
SerializationVersion: 1.1.0.1
**********************
[2026-06-17 16:35:38] Preparing Hyper-V lab root: C:\HyperV\PlatformLab
[2026-06-17 16:35:40] Converting Ubuntu cloud VHD to VHDX
[2026-06-17 16:36:08] Creating VM platform-n1
PS>TerminatingError(): "The term 'lsblk' is not recognized as the name of a cmdlet, function, script file, or operable program. Check the spelling of the name, or if a path was included, verify that the path is correct and try again."
**********************
Windows PowerShell transcript end
End time: 20260617163616
**********************
