**********************
Windows PowerShell transcript start
Start time: 20260617170310
Username: WS0\yuri
RunAs User: WS0\yuri
Configuration Name: 
Machine: WS0 (Microsoft Windows NT 10.0.26200.0)
Host Application: C:\Windows\System32\WindowsPowerShell\v1.0\powershell.exe -NoProfile -ExecutionPolicy Bypass -File C:\Users\yuri\Personal\Sources\Platform\iac\powershell\New-PlatformHyperVLab.ps1 -RecreateVMs
Process ID: 17988
PSVersion: 5.1.26100.8655
PSEdition: Desktop
PSCompatibleVersions: 1.0, 2.0, 3.0, 4.0, 5.0, 5.1.26100.8655
BuildVersion: 10.0.26100.8655
CLRVersion: 4.0.30319.42000
WSManStackVersion: 3.0
PSRemotingProtocolVersion: 2.3
SerializationVersion: 1.1.0.1
**********************
[2026-06-17 17:03:10] Preparing Hyper-V lab root: C:\HyperV\PlatformLab
[2026-06-17 17:03:13] Removing incomplete download: C:\HyperV\PlatformLab\downloads\ubuntu-24.04-server-cloudimg-amd64.img
[2026-06-17 17:03:13] Downloading https://cloud-images.ubuntu.com/noble/current/noble-server-cloudimg-amd64.img
  % Total    % Received % Xferd  Average Speed  Time    Time    Time   Current
                                 Dload  Upload  Total   Spent   Left   Speed
100 598.8M 100 598.8M   0      0 66.14M      0   00:09   00:09         70.63M
[2026-06-17 17:03:23] Converting generic Ubuntu QCOW2 image to VHDX

[2026-06-17 17:03:43] Recreating VM platform-n1
[2026-06-17 17:03:43] Creating VM platform-n1
[2026-06-17 17:03:59] Starting VM platform-n1
[2026-06-17 17:04:01] Recreating VM platform-n2
[2026-06-17 17:04:01] Creating VM platform-n2
[2026-06-17 17:04:13] Starting VM platform-n2
[2026-06-17 17:04:15] Recreating VM platform-n3
[2026-06-17 17:04:15] Creating VM platform-n3
[2026-06-17 17:04:28] Starting VM platform-n3
[2026-06-17 17:04:32] Hyper-V lab provisioning completed
[2026-06-17 17:04:32] SSH private key: C:\Users\yuri\Personal\Sources\Platform\.ssh\platform_lab_ed25519
**********************
Windows PowerShell transcript end
End time: 20260617170432
**********************
