**********************
Windows PowerShell transcript start
Start time: 20260617163454
Username: WS0\yuri
RunAs User: WS0\yuri
Configuration Name: 
Machine: WS0 (Microsoft Windows NT 10.0.26200.0)
Host Application: C:\Windows\System32\WindowsPowerShell\v1.0\powershell.exe -NoProfile -ExecutionPolicy Bypass -File C:\Users\yuri\Personal\Sources\Platform\iac\powershell\New-PlatformHyperVLab.ps1
Process ID: 15836
PSVersion: 5.1.26100.8655
PSEdition: Desktop
PSCompatibleVersions: 1.0, 2.0, 3.0, 4.0, 5.0, 5.1.26100.8655
BuildVersion: 10.0.26100.8655
CLRVersion: 4.0.30319.42000
WSManStackVersion: 3.0
PSRemotingProtocolVersion: 2.3
SerializationVersion: 1.1.0.1
**********************
[2026-06-17 16:34:54] Preparing Hyper-V lab root: C:\HyperV\PlatformLab
[2026-06-17 16:34:56] Converting Ubuntu cloud VHD to VHDX
PS>TerminatingError(Convert-VHD): "The running command stopped because the preference variable "ErrorActionPreference" or common parameter is set to Stop: Failed to convert the virtual disk.

The system failed to convert 'C:\HyperV\PlatformLab\downloads\ubuntu-24.04-server-cloudimg-amd64-azure.vhd'.

Failed to convert the virtual disk.

The system failed to convert 'C:\HyperV\PlatformLab\downloads\ubuntu-24.04-server-cloudimg-amd64-azure.vhd': The requested operation could not be completed due to a virtual disk system limitation.  Virtual hard disk files must be uncompressed and unencrypted and must not be sparse. (0xC03A001A)."
**********************
Windows PowerShell transcript end
End time: 20260617163501
**********************
