**********************
Windows PowerShell transcript start
Start time: 20260617162240
Username: WS0\yuri
RunAs User: WS0\yuri
Configuration Name: 
Machine: WS0 (Microsoft Windows NT 10.0.26200.0)
Host Application: C:\Windows\System32\WindowsPowerShell\v1.0\powershell.exe -NoProfile -ExecutionPolicy Bypass -File C:\Users\yuri\Personal\Sources\Platform\iac\powershell\New-PlatformHyperVLab.ps1
Process ID: 3128
PSVersion: 5.1.26100.8655
PSEdition: Desktop
PSCompatibleVersions: 1.0, 2.0, 3.0, 4.0, 5.0, 5.1.26100.8655
BuildVersion: 10.0.26100.8655
CLRVersion: 4.0.30319.42000
WSManStackVersion: 3.0
PSRemotingProtocolVersion: 2.3
SerializationVersion: 1.1.0.1
**********************
[2026-06-17 16:22:40] Preparing Hyper-V lab root: C:\HyperV\PlatformLab
[2026-06-17 16:22:40] Generating SSH key: C:\Users\yuri\Personal\Sources\Platform\.ssh\platform_lab_ed25519

[2026-06-17 16:22:41] Creating internal Hyper-V switch: Platform-Fabric
[2026-06-17 16:22:44] Assigning host gateway 172.28.10.1 to vEthernet (Platform-Fabric)
[2026-06-17 16:22:45] Creating Windows NAT PlatformNAT for 172.28.10.0/24
[2026-06-17 16:22:45] Downloading Ubuntu cloud VHD archive
[2026-06-17 16:33:28] Extracting Ubuntu cloud VHD

[2026-06-17 16:33:33] Creating VM platform-n1
PS>TerminatingError(New-VM): "The running command stopped because the preference variable "ErrorActionPreference" or common parameter is set to Stop: Generation 2 virtual machines do not support .vhd or .avhd format."
**********************
Windows PowerShell transcript end
End time: 20260617163418
**********************
