**********************
Windows PowerShell transcript start
Start time: 20260617162052
Username: WS0\yuri
RunAs User: WS0\yuri
Configuration Name: 
Machine: WS0 (Microsoft Windows NT 10.0.26200.0)
Host Application: C:\Windows\System32\WindowsPowerShell\v1.0\powershell.exe -NoProfile -ExecutionPolicy Bypass -File C:\Users\yuri\Personal\Sources\Platform\iac\powershell\New-PlatformHyperVLab.ps1
Process ID: 760
PSVersion: 5.1.26100.8655
PSEdition: Desktop
PSCompatibleVersions: 1.0, 2.0, 3.0, 4.0, 5.0, 5.1.26100.8655
BuildVersion: 10.0.26100.8655
CLRVersion: 4.0.30319.42000
WSManStackVersion: 3.0
PSRemotingProtocolVersion: 2.3
SerializationVersion: 1.1.0.1
**********************
[2026-06-17 16:20:52] Preparing Hyper-V lab root: C:\HyperV\PlatformLab
PS>TerminatingError(Add-Content): "The running command stopped because the preference variable "ErrorActionPreference" or common parameter is set to Stop: The process cannot access the file 'C:\Users\yuri\Personal\Sources\Platform\logs\hyperv-provision-20260617-162052.log' because it is being used by another process."
>> TerminatingError(Add-Content): "The running command stopped because the preference variable "ErrorActionPreference" or common parameter is set to Stop: The process cannot access the file 'C:\Users\yuri\Personal\Sources\Platform\logs\hyperv-provision-20260617-162052.log' because it is being used by another process."
**********************
Windows PowerShell transcript end
End time: 20260617162052
**********************
