**********************
Windows PowerShell transcript start
Start time: 20260617164857
Username: WS0\yuri
RunAs User: WS0\yuri
Configuration Name: 
Machine: WS0 (Microsoft Windows NT 10.0.26200.0)
Host Application: C:\Windows\System32\WindowsPowerShell\v1.0\powershell.exe -NoProfile -ExecutionPolicy Bypass -File C:\Users\yuri\Personal\Sources\Platform\iac\powershell\Get-PlatformHyperVInventory.ps1
Process ID: 9076
PSVersion: 5.1.26100.8655
PSEdition: Desktop
PSCompatibleVersions: 1.0, 2.0, 3.0, 4.0, 5.0, 5.1.26100.8655
BuildVersion: 10.0.26100.8655
CLRVersion: 4.0.30319.42000
WSManStackVersion: 3.0
PSRemotingProtocolVersion: 2.3
SerializationVersion: 1.1.0.1
**********************

Name          State Status             CPUUsage MemoryAssigned MemoryStartup ProcessorCount Uptime           Generation
----          ----- ------             -------- -------------- ------------- -------------- ------           ----------
platform-n1 Running Operating normally        0     7516192768    7516192768              4 00:02:35.3450000          2
platform-n2 Running Operating normally        0     7516192768    7516192768              4 00:02:33.9540000          2
platform-n3 Running Operating normally        0     7516192768    7516192768              4 00:02:30.6550000          2


== platform-n1 firmware ==


VMName             : platform-n1
SecureBoot         : On
SecureBootTemplate : MicrosoftUEFICertificateAuthority
BootOrder          : {File, Drive, Network, Drive...}



== platform-n1 network ==


VMName             : platform-n1
Name               : Network Adapter
SwitchName         : Platform-Fabric
Status             : {Ok}
MacAddress         : 00155D01CD01
MacAddressSpoofing : On
IPAddresses        : {fe80::215:5dff:fe01:cd01}



== platform-n1 disks ==

VMName      ControllerType ControllerNumber ControllerLocation Path
------      -------------- ---------------- ------------------ ----
platform-n1           SCSI                0                  0 C:\HyperV\PlatformLab\platform-n1\platform-n1-os.vhdx
platform-n1           SCSI                0                  1 C:\HyperV\PlatformLab\platform-n1\platform-n1-cidata....
platform-n1           SCSI                0                  2 C:\HyperV\PlatformLab\platform-n1\platform-n1-longhor...


== platform-n1 integration ==

VMName      Name                    Enabled PrimaryStatusDescription SecondaryStatusDescription
------      ----                    ------- ------------------------ --------------------------
platform-n1 Guest Service Interface   False OK
platform-n1 Heartbeat                  True OK
platform-n1 Key-Value Pair Exchange    True OK                       The protocol version of the component installed...
platform-n1 Shutdown                   True OK
platform-n1 Time Synchronization       True OK
platform-n1 VSS                        True OK                       The protocol version of the component installed...


== platform-n2 firmware ==


VMName             : platform-n2
SecureBoot         : On
SecureBootTemplate : MicrosoftUEFICertificateAuthority
BootOrder          : {File, Drive, Network, Drive...}



== platform-n2 network ==


VMName             : platform-n2
Name               : Network Adapter
SwitchName         : Platform-Fabric
Status             : {Ok}
MacAddress         : 00155D01CD02
MacAddressSpoofing : On
IPAddresses        : {fe80::215:5dff:fe01:cd02}



== platform-n2 disks ==

VMName      ControllerType ControllerNumber ControllerLocation Path
------      -------------- ---------------- ------------------ ----
platform-n2           SCSI                0                  0 C:\HyperV\PlatformLab\platform-n2\platform-n2-os.vhdx
platform-n2           SCSI                0                  1 C:\HyperV\PlatformLab\platform-n2\platform-n2-cidata....
platform-n2           SCSI                0                  2 C:\HyperV\PlatformLab\platform-n2\platform-n2-longhor...


== platform-n2 integration ==

VMName      Name                    Enabled PrimaryStatusDescription SecondaryStatusDescription
------      ----                    ------- ------------------------ --------------------------
platform-n2 Guest Service Interface   False OK
platform-n2 Heartbeat                  True OK
platform-n2 Key-Value Pair Exchange    True OK                       The protocol version of the component installed...
platform-n2 Shutdown                   True OK
platform-n2 Time Synchronization       True OK
platform-n2 VSS                        True OK                       The protocol version of the component installed...


== platform-n3 firmware ==


VMName             : platform-n3
SecureBoot         : On
SecureBootTemplate : MicrosoftUEFICertificateAuthority
BootOrder          : {File, Drive, Network, Drive...}



== platform-n3 network ==


VMName             : platform-n3
Name               : Network Adapter
SwitchName         : Platform-Fabric
Status             : {Ok}
MacAddress         : 00155D01CD03
MacAddressSpoofing : On
IPAddresses        : {fe80::215:5dff:fe01:cd03}



== platform-n3 disks ==

VMName      ControllerType ControllerNumber ControllerLocation Path
------      -------------- ---------------- ------------------ ----
platform-n3           SCSI                0                  0 C:\HyperV\PlatformLab\platform-n3\platform-n3-os.vhdx
platform-n3           SCSI                0                  1 C:\HyperV\PlatformLab\platform-n3\platform-n3-cidata....
platform-n3           SCSI                0                  2 C:\HyperV\PlatformLab\platform-n3\platform-n3-longhor...


== platform-n3 integration ==

VMName      Name                    Enabled PrimaryStatusDescription SecondaryStatusDescription
------      ----                    ------- ------------------------ --------------------------
platform-n3 Guest Service Interface   False OK
platform-n3 Heartbeat                  True OK
platform-n3 Key-Value Pair Exchange    True OK                       The protocol version of the component installed...
platform-n3 Shutdown                   True OK
platform-n3 Time Synchronization       True OK
platform-n3 VSS                        True OK                       The protocol version of the component installed...


**********************
Windows PowerShell transcript end
End time: 20260617164902
**********************
